<?xml version="1.0" encoding="UTF-8" ?>
<testsuite tests="25" failures="0" name="es.tappex.test.ParallelPublicityQueryEngineFailsTest" time="4.757" errors="0" skipped="0">
  <properties>
    <property name="java.runtime.name" value="Java(TM) SE Runtime Environment"/>
    <property name="sun.boot.library.path" value="C:\Program Files\Java\jre1.8.0_144\bin"/>
    <property name="java.vm.version" value="25.144-b01"/>
    <property name="java.vm.vendor" value="Oracle Corporation"/>
    <property name="maven.multiModuleProjectDirectory" value="C:\workspaces\workEclipse\workTAPEXX\ParallelExternPublicityQuerySystem"/>
    <property name="java.vendor.url" value="http://java.oracle.com/"/>
    <property name="path.separator" value=";"/>
    <property name="guice.disable.misplaced.annotation.check" value="true"/>
    <property name="java.vm.name" value="Java HotSpot(TM) 64-Bit Server VM"/>
    <property name="file.encoding.pkg" value="sun.io"/>
    <property name="user.script" value=""/>
    <property name="user.country" value="ES"/>
    <property name="sun.java.launcher" value="SUN_STANDARD"/>
    <property name="sun.os.patch.level" value=""/>
    <property name="java.vm.specification.name" value="Java Virtual Machine Specification"/>
    <property name="user.dir" value="C:\workspaces\workEclipse\workTAPEXX\ParallelExternPublicityQuerySystem"/>
    <property name="java.runtime.version" value="1.8.0_144-b01"/>
    <property name="java.awt.graphicsenv" value="sun.awt.Win32GraphicsEnvironment"/>
    <property name="java.endorsed.dirs" value="C:\Program Files\Java\jre1.8.0_144\lib\endorsed"/>
    <property name="os.arch" value="amd64"/>
    <property name="java.io.tmpdir" value="C:\Users\Usuario\AppData\Local\Temp\"/>
    <property name="line.separator" value="
"/>
    <property name="java.vm.specification.vendor" value="Oracle Corporation"/>
    <property name="user.variant" value=""/>
    <property name="os.name" value="Windows 10"/>
    <property name="classworlds.conf" value="C:\workspaces\workEclipse\workTAPEXX\.metadata\.plugins\org.eclipse.m2e.launching\launches\m2conf8203503138366371851.tmp"/>
    <property name="sun.jnu.encoding" value="Cp1252"/>
    <property name="java.library.path" value="C:\Program Files\Java\jre1.8.0_144\bin;C:\WINDOWS\Sun\Java\bin;C:\WINDOWS\system32;C:\WINDOWS;C:/Program Files/Java/jre1.8.0_144/bin/server;C:/Program Files/Java/jre1.8.0_144/bin;C:/Program Files/Java/jre1.8.0_144/lib/amd64;C:\ProgramData\Oracle\Java\javapath;C:\Program Files\NVIDIA GPU Computing Toolkit\CUDA\v6.0\bin;C:\Program Files\NVIDIA GPU Computing Toolkit\CUDA\v6.0\libnvvp;C:\Program Files (x86)\NVIDIA Corporation\PhysX\Common;C:\WINDOWS\system32;C:\WINDOWS;C:\WINDOWS\System32\Wbem;C:\WINDOWS\System32\WindowsPowerShell\v1.0\;C:\Program Files\Microsoft\Web Platform Installer\;C:\Program Files (x86)\Microsoft ASP.NET\ASP.NET Web Pages\v1.0\;C:\Program Files\Microsoft SQL Server\110\Tools\Binn\;C:\WINDOWS\system32;C:\WINDOWS;C:\WINDOWS\System32\Wbem;C:\WINDOWS\System32\WindowsPowerShell\v1.0\;C:\workspaces\libs\LUA51Windows;C:\workspaces\libs\LUA51Windows\clibs;C:\workspaces\libs\PowerVR_40\tools\PVRVFrame\Library\Windows_x86_32;C:\Program Files\Git\cmd;C:\Program Files (x86)\PuTTY\;C:\Program Files (x86)\Skype\Phone\;C:\PostgreSQL\pg92\bin;C:\Program Files (x86)\Calibre2\;c:\workspaces\workeclipse\worksymbio;C:\Program Files\nodejs\;C:\workspaces\runtimes\apache-ant-1.9.7\bin;C:\Program Files (x86)\Windows Kits\8.1\Windows Performance Toolkit\;c:\Android\android-sdk\tools;c:\Android\android-sdk\platform-tools;C:\workspaces\runtimes\gradle-4.3.1\bin;C:\workspaces\runtimes\apache-maven-3.3.9\bin;C:\Program Files\Amazon\AWSCLI\;C:\Anaconda2;C:\Anaconda2\Scripts;C:\HashiCorp\Vagrant\bin;C:\minikube;C:\Users\Usuario\AppData\Roaming\Python\Scripts;C:\Program Files (x86)\CMake\bin;C:\workspaces\runtimes\CodeBlocks;C:\workspaces\runtimes\CodeBlocks\MinGW\bin;C:\PROGRA~1\Java\JDK18~1.0_1\bin;C:\Program Files\Docker\Docker;C:\Users\Usuario\AppData\Local\Microsoft\WindowsApps;C:\workspaces\runtimes\CodeBlocks\MinGW\bin\mingw32-gcc.exe;C:\workspaces\runtimes\CodeBlocks\MinGW\bin\mingw32-g++.exe;C:\workspaces\runtimes\CodeBlocks\MinGW\bin\mingw32-make.exe;C:\pkg-config\bin\pkgconfig\pkg-config.exe;c:\workspaces\workEclipse\worksymbio;C:\Users\Usuario\AppData\Roaming\npm;C:\workspaces\runtimes\apache-ant-1.9.7\bin;c:\Android\android-sdk\tools;c:\Android\android-sdk\platform-tools;C:\workspaces\runtimes\gradle-4.3.1\bin;C:\workspaces\runtimes\apache-maven-3.3.9\bin;C:\Program Files\Microsoft VS Code\bin;C:\Anaconda2;C:\Anaconda2\Scripts;C:\Program Files\Docker Toolbox;C:\minikube;C:\Users\Usuario\AppData\Roaming\Python\Scripts;;C:\WINDOWS\System32;;."/>
    <property name="java.specification.name" value="Java Platform API Specification"/>
    <property name="java.class.version" value="52.0"/>
    <property name="sun.management.compiler" value="HotSpot 64-Bit Tiered Compilers"/>
    <property name="os.version" value="10.0"/>
    <property name="user.home" value="C:\Users\Usuario"/>
    <property name="user.timezone" value="Europe/Paris"/>
    <property name="java.awt.printerjob" value="sun.awt.windows.WPrinterJob"/>
    <property name="java.specification.version" value="1.8"/>
    <property name="file.encoding" value="Cp1252"/>
    <property name="user.name" value="Usuario"/>
    <property name="java.class.path" value="C:\Users\Usuario\.p2\pool\plugins\org.eclipse.m2e.maven.runtime_1.8.3.20180227-2135\jars\plexus-classworlds-2.5.2.jar"/>
    <property name="java.vm.specification.version" value="1.8"/>
    <property name="sun.arch.data.model" value="64"/>
    <property name="java.home" value="C:\Program Files\Java\jre1.8.0_144"/>
    <property name="sun.java.command" value="org.codehaus.plexus.classworlds.launcher.Launcher -B install"/>
    <property name="java.specification.vendor" value="Oracle Corporation"/>
    <property name="user.language" value="es"/>
    <property name="awt.toolkit" value="sun.awt.windows.WToolkit"/>
    <property name="java.vm.info" value="mixed mode"/>
    <property name="java.version" value="1.8.0_144"/>
    <property name="java.ext.dirs" value="C:\Program Files\Java\jre1.8.0_144\lib\ext;C:\WINDOWS\Sun\Java\lib\ext"/>
    <property name="sun.boot.class.path" value="C:\Program Files\Java\jre1.8.0_144\lib\resources.jar;C:\Program Files\Java\jre1.8.0_144\lib\rt.jar;C:\Program Files\Java\jre1.8.0_144\lib\sunrsasign.jar;C:\Program Files\Java\jre1.8.0_144\lib\jsse.jar;C:\Program Files\Java\jre1.8.0_144\lib\jce.jar;C:\Program Files\Java\jre1.8.0_144\lib\charsets.jar;C:\Program Files\Java\jre1.8.0_144\lib\jfr.jar;C:\Program Files\Java\jre1.8.0_144\classes"/>
    <property name="java.vendor" value="Oracle Corporation"/>
    <property name="maven.home" value="C:\workspaces\workEclipse\workTAPEXX\ParallelExternPublicityQuerySystem\EMBEDDED"/>
    <property name="file.separator" value="\"/>
    <property name="java.vendor.url.bug" value="http://bugreport.sun.com/bugreport/"/>
    <property name="sun.cpu.endian" value="little"/>
    <property name="sun.io.unicode.encoding" value="UnicodeLittle"/>
    <property name="sun.desktop" value="windows"/>
    <property name="sun.cpu.isalist" value="amd64"/>
  </properties>
  <testcase classname="es.tappex.test.ParallelPublicityQueryEngineFailsTest" name="testPublicityQueryEngineTest_KO_BadKeyBadJsonBadUrl" time="0.147"/>
  <testcase classname="es.tappex.test.ParallelPublicityQueryEngineFailsTest" name="testPublicityQueryEngineTest_KO_MissformedValidation" time="0.612"/>
  <testcase classname="es.tappex.test.ParallelPublicityQueryEngineFailsTest" name="testPublicityQueryEngineTest_KO_LoadIncompleteFile" time="0.01"/>
  <testcase classname="es.tappex.test.ParallelPublicityQueryEngineFailsTest" name="testPublicityQueryEngineTest_KO_NotEnoughDataJSON" time="0.319"/>
  <testcase classname="es.tappex.test.ParallelPublicityQueryEngineFailsTest" name="testPublicityQueryEngineTest_KO_UnexpectedNullParameter_1" time="0.004"/>
  <testcase classname="es.tappex.test.ParallelPublicityQueryEngineFailsTest" name="testPublicityQueryEngineTest_KO_NegativeThreadPool" time="0"/>
  <testcase classname="es.tappex.test.ParallelPublicityQueryEngineFailsTest" name="testPublicityQueryEngineTest_KO_MissformedResponseType" time="0.302"/>
  <testcase classname="es.tappex.test.ParallelPublicityQueryEngineFailsTest" name="testPublicityQueryEngineTest_KO_UnexpectedNullParameter_2" time="0.004"/>
  <testcase classname="es.tappex.test.ParallelPublicityQueryEngineFailsTest" name="testPublicityQueryEngineTest_KO_UnexpectedNullParameter_3" time="0.011"/>
  <testcase classname="es.tappex.test.ParallelPublicityQueryEngineFailsTest" name="testPublicityQueryEngineTest_KO_MalformedFile" time="0.005"/>
  <testcase classname="es.tappex.test.ParallelPublicityQueryEngineFailsTest" name="testPublicityQueryEngineTest_KO_BadKey_1" time="0.119"/>
  <testcase classname="es.tappex.test.ParallelPublicityQueryEngineFailsTest" name="testPublicityQueryEngineTest_KO_BadValidation" time="1.49"/>
  <testcase classname="es.tappex.test.ParallelPublicityQueryEngineFailsTest" name="testPublicityQueryEngineTest_KO_TimeOut_1Thread" time="0.012"/>
  <testcase classname="es.tappex.test.ParallelPublicityQueryEngineFailsTest" name="testPublicityQueryEngineTest_KO_BadKey" time="0.411"/>
  <testcase classname="es.tappex.test.ParallelPublicityQueryEngineFailsTest" name="testPublicityQueryEngineTest_KO_BadUrlGoodKey" time="0.16"/>
  <testcase classname="es.tappex.test.ParallelPublicityQueryEngineFailsTest" name="testPublicityQueryEngineTest_KO_TimeOut_3Thread" time="0.012"/>
  <testcase classname="es.tappex.test.ParallelPublicityQueryEngineFailsTest" name="testPublicityQueryEngineTest_KO_BadResponseType" time="0.312"/>
  <testcase classname="es.tappex.test.ParallelPublicityQueryEngineFailsTest" name="testPublicityQueryEngineTest_KO_MalformedUrl" time="0"/>
  <testcase classname="es.tappex.test.ParallelPublicityQueryEngineFailsTest" name="testPublicityQueryEngineTest_KO_LoadNoFile" time="0.005"/>
  <testcase classname="es.tappex.test.ParallelPublicityQueryEngineFailsTest" name="testPublicityQueryEngineTest_KO_NullResponseType" time="0.126"/>
  <testcase classname="es.tappex.test.ParallelPublicityQueryEngineFailsTest" name="testPublicityQueryEngineTest_KO_NoUrlNoKey" time="0"/>
  <testcase classname="es.tappex.test.ParallelPublicityQueryEngineFailsTest" name="testPublicityQueryEngineTest_KO_BadTimeOut" time="0"/>
  <testcase classname="es.tappex.test.ParallelPublicityQueryEngineFailsTest" name="testPublicityQueryEngineTest_KO_NullValidation" time="0.476"/>
  <testcase classname="es.tappex.test.ParallelPublicityQueryEngineFailsTest" name="testPublicityQueryEngineTest_KO_LoadEmptyFile" time="0.004"/>
  <testcase classname="es.tappex.test.ParallelPublicityQueryEngineFailsTest" name="testPublicityQueryEngineTest_KO_MalformedJSON" time="0.216"/>
</testsuite>